Build started 13-Jan-15 5:47:46 PM.
     1>Project "C:\Users\nguyenvietnamson\Desktop\Huong dan giai de NMLT\GIAI DE THI NMLT\Cau 4\Cau 4.vcxproj" on node 2 (Build target(s)).
     1>ClCompile:
         C:\Program Files (x86)\Microsoft Visual Studio 11.0\VC\bin\CL.exe /c /ZI /nologo /W3 /WX- /Od /Oy- /D _MBCS /Gm /EHsc /RTC1 /MDd /GS /fp:precise /Zc:wchar_t /Zc:forScope /Fo"Debug\\" /Fd"Debug\vc110.pdb" /Gd /TP /analyze- /errorReport:prompt Source.cpp
         Source.cpp
     1>c:\users\nguyenvietnamson\desktop\huong dan giai de nmlt\giai de thi nmlt\cau 4\source.cpp(55): warning C4996: 'gets': This function or variable may be unsafe. Consider using gets_s instead. To disable deprecation, use _CRT_SECURE_NO_WARNINGS. See online help for details.
                 c:\program files (x86)\microsoft visual studio 11.0\vc\include\stdio.h(261) : see declaration of 'gets'
     1>c:\users\nguyenvietnamson\desktop\huong dan giai de nmlt\giai de thi nmlt\cau 4\source.cpp(59): warning C4996: 'gets': This function or variable may be unsafe. Consider using gets_s instead. To disable deprecation, use _CRT_SECURE_NO_WARNINGS. See online help for details.
                 c:\program files (x86)\microsoft visual studio 11.0\vc\include\stdio.h(261) : see declaration of 'gets'
     1>c:\users\nguyenvietnamson\desktop\huong dan giai de nmlt\giai de thi nmlt\cau 4\source.cpp(62): warning C4996: 'scanf': This function or variable may be unsafe. Consider using scanf_s instead. To disable deprecation, use _CRT_SECURE_NO_WARNINGS. See online help for details.
                 c:\program files (x86)\microsoft visual studio 11.0\vc\include\stdio.h(290) : see declaration of 'scanf'
     1>c:\users\nguyenvietnamson\desktop\huong dan giai de nmlt\giai de thi nmlt\cau 4\source.cpp(65): warning C4996: 'scanf': This function or variable may be unsafe. Consider using scanf_s instead. To disable deprecation, use _CRT_SECURE_NO_WARNINGS. See online help for details.
                 c:\program files (x86)\microsoft visual studio 11.0\vc\include\stdio.h(290) : see declaration of 'scanf'
     1>c:\users\nguyenvietnamson\desktop\huong dan giai de nmlt\giai de thi nmlt\cau 4\source.cpp(89): warning C4996: 'getch': The POSIX name for this item is deprecated. Instead, use the ISO C++ conformant name: _getch. See online help for details.
                 c:\program files (x86)\microsoft visual studio 11.0\vc\include\conio.h(131) : see declaration of 'getch'
       Link:
         C:\Program Files (x86)\Microsoft Visual Studio 11.0\VC\bin\link.exe /ERRORREPORT:PROMPT /OUT:"C:\Users\nguyenvietnamson\Desktop\Huong dan giai de NMLT\GIAI DE THI NMLT\Debug\Cau 4.exe" /INCREMENTAL /NOLOGO kernel32.lib user32.lib gdi32.lib winspool.lib comdlg32.lib advapi32.lib shell32.lib ole32.lib oleaut32.lib uuid.lib odbc32.lib odbccp32.lib /MANIFEST /MANIFESTUAC:"level='asInvoker' uiAccess='false'" /manifest:embed /DEBUG /PDB:"C:\Users\nguyenvietnamson\Desktop\Huong dan giai de NMLT\GIAI DE THI NMLT\Debug\Cau 4.pdb" /TLBID:1 /DYNAMICBASE /NXCOMPAT /IMPLIB:"C:\Users\nguyenvietnamson\Desktop\Huong dan giai de NMLT\GIAI DE THI NMLT\Debug\Cau 4.lib" /MACHINE:X86 Debug\Source.obj
         Cau 4.vcxproj -> C:\Users\nguyenvietnamson\Desktop\Huong dan giai de NMLT\GIAI DE THI NMLT\Debug\Cau 4.exe
     1>Done Building Project "C:\Users\nguyenvietnamson\Desktop\Huong dan giai de NMLT\GIAI DE THI NMLT\Cau 4\Cau 4.vcxproj" (Build target(s)).

Build succeeded.

Time Elapsed 00:00:00.64
